=== RUN   Test1
17:02:04.276024 [0] listening at [::]:42363
17:02:04.276977 [1] listening at [::]:34325
17:02:04.277827 [2] listening at [::]:46027
17:02:04.278357 [3] listening at [::]:36869
17:02:04.278833 [4] listening at [::]:39903
17:02:04.324152 AT NODE 1: Election timer started: 5.482s, with term=0
17:02:04.324269 AT NODE 3: Election timer started: 4.281s, with term=0
17:02:04.324264 AT NODE 2: Election timer started: 5.365s, with term=0
17:02:04.324423 AT NODE 0: Election timer started: 4.141s, with term=0
17:02:04.324441 AT NODE 4: Election timer started: 5.223s, with term=0
17:02:08.712354 AT NODE 3: became Candidate with term=1;
17:02:08.713290 AT NODE 0: became Candidate with term=1;
17:02:08.764169 AT NODE 0: sending RequestVote to 1: {Term:1 CandidateId:0 LastLogIndex:-1 LastLogTerm:-1 Latency:408}
17:02:08.765247 AT NODE 0: sending RequestVote to 3: {Term:1 CandidateId:0 LastLogIndex:-1 LastLogTerm:-1 Latency:462}
17:02:08.765158 AT NODE 0: sending RequestVote to 2: {Term:1 CandidateId:0 LastLogIndex:-1 LastLogTerm:-1 Latency:236}
17:02:08.777596 AT NODE 0: Election timer started: 4.08s, with term=1
17:02:08.779611 AT NODE 0: sending RequestVote to 4: {Term:1 CandidateId:0 LastLogIndex:-1 LastLogTerm:-1 Latency:377}
17:02:08.786727 AT NODE 3: sending RequestVote to 0: {Term:1 CandidateId:3 LastLogIndex:-1 LastLogTerm:-1 Latency:444}
17:02:08.791685 AT NODE 3: Election timer started: 3.515s, with term=1
17:02:08.791753 AT NODE 3: sending RequestVote to 1: {Term:1 CandidateId:3 LastLogIndex:-1 LastLogTerm:-1 Latency:325}
17:02:08.791682 AT NODE 3: sending RequestVote to 2: {Term:1 CandidateId:3 LastLogIndex:-1 LastLogTerm:-1 Latency:354}
17:02:08.793887 AT NODE 3: sending RequestVote to 4: {Term:1 CandidateId:3 LastLogIndex:-1 LastLogTerm:-1 Latency:166}
17:02:08.982596 AT NODE 4: Received Vote Request from NODE 3; Args: {Term:1 CandidateId:3 LastLogIndex:-1 LastLogTerm:-1 Latency:166} [currentTerm=0, votedFor=-1, log index/term=(-1, -1)]
17:02:08.982659 AT NODE 4: became Follower with term=1; log=[]
17:02:08.982856 AT NODE 4: Sending Request Vote Reply: &{Term:1 VoteGranted:true CandidateId:0}
17:02:08.983366 AT NODE 4: Election timer started: 4.32s, with term=1
17:02:08.983996 AT NODE 3: received RequestVoteReply from 4: {Term:1 VoteGranted:true CandidateId:0}
17:02:09.048559 AT NODE 2: Received Vote Request from NODE 0; Args: {Term:1 CandidateId:0 LastLogIndex:-1 LastLogTerm:-1 Latency:236} [currentTerm=0, votedFor=-1, log index/term=(-1, -1)]
17:02:09.048627 AT NODE 2: became Follower with term=1; log=[]
17:02:09.049051 AT NODE 2: Sending Request Vote Reply: &{Term:1 VoteGranted:true CandidateId:0}
17:02:09.049540 AT NODE 2: Election timer started: 5.944s, with term=1
17:02:09.050793 AT NODE 0: received RequestVoteReply from 2: {Term:1 VoteGranted:true CandidateId:0}
17:02:09.140425 AT NODE 1: Received Vote Request from NODE 3; Args: {Term:1 CandidateId:3 LastLogIndex:-1 LastLogTerm:-1 Latency:325} [currentTerm=0, votedFor=-1, log index/term=(-1, -1)]
17:02:09.140538 AT NODE 1: became Follower with term=1; log=[]
17:02:09.140963 AT NODE 1: Sending Request Vote Reply: &{Term:1 VoteGranted:true CandidateId:0}
17:02:09.141468 AT NODE 1: Election timer started: 4.799s, with term=1
17:02:09.143189 AT NODE 3: received RequestVoteReply from 1: {Term:1 VoteGranted:true CandidateId:0}
17:02:09.143443 AT NODE 3: became Leader; term=1, nextIndex=map[0:0 1:0 2:0 4:0], matchIndex=map[0:-1 1:-1 2:-1 4:-1]; log=[]
17:02:09.176032 AT NODE 2: Received Vote Request from NODE 3; Args: {Term:1 CandidateId:3 LastLogIndex:-1 LastLogTerm:-1 Latency:354} [currentTerm=1, votedFor=0, log index/term=(-1, -1)]
17:02:09.176240 AT NODE 2: Sending Request Vote Reply: &{Term:1 VoteGranted:false CandidateId:0}
17:02:09.179038 AT NODE 3: received RequestVoteReply from 2: {Term:1 VoteGranted:false CandidateId:0}
17:02:09.179160 AT NODE 3: State changed from Candidate to Leader
17:02:09.189116 AT NODE 4: Received Vote Request from NODE 0; Args: {Term:1 CandidateId:0 LastLogIndex:-1 LastLogTerm:-1 Latency:377} [currentTerm=1, votedFor=3, log index/term=(-1, -1)]
17:02:09.189287 AT NODE 4: Sending Request Vote Reply: &{Term:1 VoteGranted:false CandidateId:0}
17:02:09.191383 AT NODE 0: received RequestVoteReply from 4: {Term:1 VoteGranted:false CandidateId:0}
17:02:09.191464 AT NODE 0: Vote not granted by 0
17:02:09.230317 AT NODE 1: Received Vote Request from NODE 0; Args: {Term:1 CandidateId:0 LastLogIndex:-1 LastLogTerm:-1 Latency:408} [currentTerm=1, votedFor=3, log index/term=(-1, -1)]
17:02:09.230450 AT NODE 1: Sending Request Vote Reply: &{Term:1 VoteGranted:false CandidateId:0}
17:02:09.231841 AT NODE 0: received RequestVoteReply from 1: {Term:1 VoteGranted:false CandidateId:0}
17:02:09.231909 AT NODE 0: Vote not granted by 0
17:02:09.260963 AT NODE 0: Received Vote Request from NODE 3; Args: {Term:1 CandidateId:3 LastLogIndex:-1 LastLogTerm:-1 Latency:444} [currentTerm=1, votedFor=0, log index/term=(-1, -1)]
17:02:09.261098 AT NODE 0: Sending Request Vote Reply: &{Term:1 VoteGranted:false CandidateId:0}
17:02:09.263773 AT NODE 3: received RequestVoteReply from 0: {Term:1 VoteGranted:false CandidateId:0}
17:02:09.263848 AT NODE 3: State changed from Candidate to Leader
17:02:09.301423 AT NODE 3: Received Vote Request from NODE 0; Args: {Term:1 CandidateId:0 LastLogIndex:-1 LastLogTerm:-1 Latency:462} [currentTerm=1, votedFor=3, log index/term=(-1, -1)]
17:02:09.301486 AT NODE 3: Sending Request Vote Reply: &{Term:1 VoteGranted:false CandidateId:0}
17:02:09.302282 AT NODE 0: received RequestVoteReply from 3: {Term:1 VoteGranted:false CandidateId:0}
17:02:09.302311 AT NODE 0: Vote not granted by 0
17:02:09.521857 AT NODE 0: became Follower with term=1; log=[]
17:02:09.538094 AT NODE 0: Election timer started: 5.39s, with term=1
17:02:09.582656 [ACTION] Disconnecting 3
17:02:13.584418 AT NODE 4: became Candidate with term=2;
17:02:13.584944 AT NODE 4: sending RequestVote to 0: {Term:2 CandidateId:4 LastLogIndex:-1 LastLogTerm:-1 Latency:399}
17:02:13.585175 AT NODE 4: Election timer started: 5.488s, with term=2
17:02:13.585252 AT NODE 4: sending RequestVote to 1: {Term:2 CandidateId:4 LastLogIndex:-1 LastLogTerm:-1 Latency:492}
17:02:13.585405 AT NODE 4: sending RequestVote to 2: {Term:2 CandidateId:4 LastLogIndex:-1 LastLogTerm:-1 Latency:306}
17:02:13.585761 AT NODE 4: sending RequestVote to 3: {Term:2 CandidateId:4 LastLogIndex:-1 LastLogTerm:-1 Latency:142}
17:02:13.780122 AT NODE 0: became Candidate with term=2;
17:02:13.780657 AT NODE 0: sending RequestVote to 1: {Term:2 CandidateId:0 LastLogIndex:-1 LastLogTerm:-1 Latency:201}
17:02:13.780827 AT NODE 0: sending RequestVote to 4: {Term:2 CandidateId:0 LastLogIndex:-1 LastLogTerm:-1 Latency:378}
17:02:13.780860 AT NODE 0: Election timer started: 5.889s, with term=2
17:02:13.780820 AT NODE 0: sending RequestVote to 2: {Term:2 CandidateId:0 LastLogIndex:-1 LastLogTerm:-1 Latency:486}
17:02:13.780899 AT NODE 0: sending RequestVote to 3: {Term:2 CandidateId:0 LastLogIndex:-1 LastLogTerm:-1 Latency:273}
17:02:13.913970 AT NODE 2: Received Vote Request from NODE 4; Args: {Term:2 CandidateId:4 LastLogIndex:-1 LastLogTerm:-1 Latency:306} [currentTerm=1, votedFor=0, log index/term=(-1, -1)]
17:02:13.914035 AT NODE 2: became Follower with term=2; log=[]
17:02:13.914255 AT NODE 2: Sending Request Vote Reply: &{Term:2 VoteGranted:true CandidateId:0}
17:02:13.914859 AT NODE 2: Election timer started: 5.356s, with term=2
17:02:13.915832 AT NODE 4: received RequestVoteReply from 2: {Term:2 VoteGranted:true CandidateId:0}
17:02:14.027291 AT NODE 1: Received Vote Request from NODE 0; Args: {Term:2 CandidateId:0 LastLogIndex:-1 LastLogTerm:-1 Latency:201} [currentTerm=1, votedFor=3, log index/term=(-1, -1)]
17:02:14.027370 AT NODE 1: became Follower with term=2; log=[]
17:02:14.027472 AT NODE 1: Sending Request Vote Reply: &{Term:2 VoteGranted:true CandidateId:0}
17:02:14.040179 AT NODE 1: Election timer started: 4.88s, with term=2
17:02:14.040317 AT NODE 0: received RequestVoteReply from 1: {Term:2 VoteGranted:true CandidateId:0}
17:02:14.043509 AT NODE 0: Received Vote Request from NODE 4; Args: {Term:2 CandidateId:4 LastLogIndex:-1 LastLogTerm:-1 Latency:399} [currentTerm=2, votedFor=0, log index/term=(-1, -1)]
17:02:14.043604 AT NODE 0: Sending Request Vote Reply: &{Term:2 VoteGranted:false CandidateId:0}
17:02:14.044929 AT NODE 4: received RequestVoteReply from 0: {Term:2 VoteGranted:false CandidateId:0}
17:02:14.044961 AT NODE 4: Vote not granted by 0
17:02:14.101761 AT NODE 1: Received Vote Request from NODE 4; Args: {Term:2 CandidateId:4 LastLogIndex:-1 LastLogTerm:-1 Latency:492} [currentTerm=2, votedFor=0, log index/term=(-1, -1)]
17:02:14.101864 AT NODE 1: Sending Request Vote Reply: &{Term:2 VoteGranted:false CandidateId:0}
17:02:14.102543 AT NODE 4: received RequestVoteReply from 1: {Term:2 VoteGranted:false CandidateId:0}
17:02:14.102570 AT NODE 4: Vote not granted by 0
17:02:14.180443 AT NODE 4: Received Vote Request from NODE 0; Args: {Term:2 CandidateId:0 LastLogIndex:-1 LastLogTerm:-1 Latency:378} [currentTerm=2, votedFor=4, log index/term=(-1, -1)]
17:02:14.180634 AT NODE 4: Sending Request Vote Reply: &{Term:2 VoteGranted:false CandidateId:0}
17:02:14.181827 AT NODE 0: received RequestVoteReply from 4: {Term:2 VoteGranted:false CandidateId:0}
17:02:14.182090 AT NODE 0: Vote not granted by 0
17:02:14.289303 AT NODE 2: Received Vote Request from NODE 0; Args: {Term:2 CandidateId:0 LastLogIndex:-1 LastLogTerm:-1 Latency:486} [currentTerm=2, votedFor=4, log index/term=(-1, -1)]
17:02:14.289907 AT NODE 2: Sending Request Vote Reply: &{Term:2 VoteGranted:false CandidateId:0}
17:02:14.290961 AT NODE 0: received RequestVoteReply from 2: {Term:2 VoteGranted:false CandidateId:0}
17:02:14.291380 AT NODE 0: Vote not granted by 0
signal: interrupt
FAIL	RaftLogReplication	14.672s
