=== RUN   Test2
17:20:36.084846 [0] listening at [::]:42213
17:20:36.085641 [1] listening at [::]:35375
17:20:36.087572 [2] listening at [::]:46135
17:20:36.102240 [3] listening at [::]:36069
17:20:36.103002 [4] listening at [::]:46497
17:20:36.130654 AT NODE 2: Election timer started: 3.887s, with term=0
17:20:36.130683 AT NODE 0: Election timer started: 3.73s, with term=0
17:20:36.130731 AT NODE 3: Election timer started: 3.652s, with term=0
17:20:36.130774 AT NODE 4: Election timer started: 5.452s, with term=0
17:20:36.130788 AT NODE 1: Election timer started: 4.585s, with term=0
17:20:39.933933 AT NODE 3: became Candidate with term=1;
17:20:39.934555 AT NODE 0: became Candidate with term=1;
17:20:39.940263 AT NODE 3: sending RequestVote to 0: {Term:1 CandidateId:3 LastLogIndex:-1 LastLogTerm:-1 Latency:338}
17:20:39.940931 AT NODE 3: Election timer started: 4.535s, with term=1
17:20:39.941127 AT NODE 3: sending RequestVote to 1: {Term:1 CandidateId:3 LastLogIndex:-1 LastLogTerm:-1 Latency:342}
17:20:39.943035 AT NODE 3: sending RequestVote to 2: {Term:1 CandidateId:3 LastLogIndex:-1 LastLogTerm:-1 Latency:452}
17:20:39.945589 AT NODE 3: sending RequestVote to 4: {Term:1 CandidateId:3 LastLogIndex:-1 LastLogTerm:-1 Latency:286}
17:20:39.958701 AT NODE 0: Election timer started: 4.236s, with term=1
17:20:39.959438 AT NODE 0: sending RequestVote to 1: {Term:1 CandidateId:0 LastLogIndex:-1 LastLogTerm:-1 Latency:435}
17:20:39.960238 AT NODE 0: sending RequestVote to 2: {Term:1 CandidateId:0 LastLogIndex:-1 LastLogTerm:-1 Latency:209}
17:20:39.960677 AT NODE 0: sending RequestVote to 3: {Term:1 CandidateId:0 LastLogIndex:-1 LastLogTerm:-1 Latency:213}
17:20:39.961422 AT NODE 0: sending RequestVote to 4: {Term:1 CandidateId:0 LastLogIndex:-1 LastLogTerm:-1 Latency:486}
17:20:40.131528 AT NODE 2: became Candidate with term=1;
17:20:40.132561 AT NODE 2: sending RequestVote to 0: {Term:1 CandidateId:2 LastLogIndex:-1 LastLogTerm:-1 Latency:84}
17:20:40.133264 AT NODE 2: sending RequestVote to 1: {Term:1 CandidateId:2 LastLogIndex:-1 LastLogTerm:-1 Latency:320}
17:20:40.134351 AT NODE 2: sending RequestVote to 3: {Term:1 CandidateId:2 LastLogIndex:-1 LastLogTerm:-1 Latency:370}
17:20:40.134865 AT NODE 2: sending RequestVote to 4: {Term:1 CandidateId:2 LastLogIndex:-1 LastLogTerm:-1 Latency:274}
17:20:40.135265 AT NODE 2: Election timer started: 5.929s, with term=1
17:20:40.197611 AT NODE 2: Received Vote Request from NODE 0; Args: {Term:1 CandidateId:0 LastLogIndex:-1 LastLogTerm:-1 Latency:209} [currentTerm=1, votedFor=2, log index/term=(-1, -1)]
17:20:40.197923 AT NODE 2: Sending Request Vote Reply: &{Term:1 VoteGranted:false CandidateId:0}
17:20:40.201107 AT NODE 0: received RequestVoteReply from 2: {Term:1 VoteGranted:false CandidateId:0}
17:20:40.201197 AT NODE 0: Vote not granted by 0
17:20:40.202449 AT NODE 3: Received Vote Request from NODE 0; Args: {Term:1 CandidateId:0 LastLogIndex:-1 LastLogTerm:-1 Latency:213} [currentTerm=1, votedFor=3, log index/term=(-1, -1)]
17:20:40.202924 AT NODE 3: Sending Request Vote Reply: &{Term:1 VoteGranted:false CandidateId:0}
17:20:40.205580 AT NODE 0: received RequestVoteReply from 3: {Term:1 VoteGranted:false CandidateId:0}
17:20:40.205651 AT NODE 0: Vote not granted by 0
17:20:40.247266 AT NODE 0: Received Vote Request from NODE 2; Args: {Term:1 CandidateId:2 LastLogIndex:-1 LastLogTerm:-1 Latency:84} [currentTerm=1, votedFor=0, log index/term=(-1, -1)]
17:20:40.247413 AT NODE 0: Sending Request Vote Reply: &{Term:1 VoteGranted:false CandidateId:0}
17:20:40.250593 AT NODE 2: received RequestVoteReply from 0: {Term:1 VoteGranted:false CandidateId:0}
17:20:40.250667 AT NODE 2: Vote not granted by 0
17:20:40.281272 AT NODE 4: Received Vote Request from NODE 3; Args: {Term:1 CandidateId:3 LastLogIndex:-1 LastLogTerm:-1 Latency:286} [currentTerm=0, votedFor=-1, log index/term=(-1, -1)]
17:20:40.281380 AT NODE 4: became Follower with term=1; log=[]
17:20:40.281960 AT NODE 4: Sending Request Vote Reply: &{Term:1 VoteGranted:true CandidateId:0}
17:20:40.282785 AT NODE 4: Election timer started: 4.85s, with term=1
17:20:40.285998 AT NODE 3: received RequestVoteReply from 4: {Term:1 VoteGranted:true CandidateId:0}
17:20:40.315080 AT NODE 0: Received Vote Request from NODE 3; Args: {Term:1 CandidateId:3 LastLogIndex:-1 LastLogTerm:-1 Latency:338} [currentTerm=1, votedFor=0, log index/term=(-1, -1)]
17:20:40.315192 AT NODE 0: Sending Request Vote Reply: &{Term:1 VoteGranted:false CandidateId:0}
17:20:40.315720 AT NODE 3: received RequestVoteReply from 0: {Term:1 VoteGranted:false CandidateId:0}
17:20:40.315751 AT NODE 3: Vote not granted by 0
17:20:40.323683 AT NODE 1: Received Vote Request from NODE 3; Args: {Term:1 CandidateId:3 LastLogIndex:-1 LastLogTerm:-1 Latency:342} [currentTerm=0, votedFor=-1, log index/term=(-1, -1)]
17:20:40.323741 AT NODE 1: became Follower with term=1; log=[]
17:20:40.323826 AT NODE 1: Sending Request Vote Reply: &{Term:1 VoteGranted:true CandidateId:0}
17:20:40.324007 AT NODE 1: Election timer started: 5.308s, with term=1
17:20:40.324340 AT NODE 3: received RequestVoteReply from 1: {Term:1 VoteGranted:true CandidateId:0}
17:20:40.324409 AT NODE 3: became Leader; term=1, nextIndex=map[0:0 1:0 2:0 4:0], matchIndex=map[0:-1 1:-1 2:-1 4:-1]; log=[]
17:20:40.422651 AT NODE 1: Received Vote Request from NODE 0; Args: {Term:1 CandidateId:0 LastLogIndex:-1 LastLogTerm:-1 Latency:435} [currentTerm=1, votedFor=3, log index/term=(-1, -1)]
17:20:40.422824 AT NODE 1: Sending Request Vote Reply: &{Term:1 VoteGranted:false CandidateId:0}
17:20:40.423814 AT NODE 0: received RequestVoteReply from 1: {Term:1 VoteGranted:false CandidateId:0}
17:20:40.423866 AT NODE 0: Vote not granted by 0
17:20:40.427234 AT NODE 2: Received Vote Request from NODE 3; Args: {Term:1 CandidateId:3 LastLogIndex:-1 LastLogTerm:-1 Latency:452} [currentTerm=1, votedFor=2, log index/term=(-1, -1)]
17:20:40.427311 AT NODE 2: Sending Request Vote Reply: &{Term:1 VoteGranted:false CandidateId:0}
17:20:40.440275 AT NODE 4: Received Vote Request from NODE 2; Args: {Term:1 CandidateId:2 LastLogIndex:-1 LastLogTerm:-1 Latency:274} [currentTerm=1, votedFor=3, log index/term=(-1, -1)]
17:20:40.440393 AT NODE 4: Sending Request Vote Reply: &{Term:1 VoteGranted:false CandidateId:0}
17:20:40.445865 AT NODE 3: received RequestVoteReply from 2: {Term:1 VoteGranted:false CandidateId:0}
17:20:40.445894 AT NODE 3: State changed from Candidate to Leader
17:20:40.446402 AT NODE 2: received RequestVoteReply from 4: {Term:1 VoteGranted:false CandidateId:0}
17:20:40.446439 AT NODE 2: Vote not granted by 0
17:20:40.475914 AT NODE 4: Received Vote Request from NODE 0; Args: {Term:1 CandidateId:0 LastLogIndex:-1 LastLogTerm:-1 Latency:486} [currentTerm=1, votedFor=3, log index/term=(-1, -1)]
17:20:40.476061 AT NODE 4: Sending Request Vote Reply: &{Term:1 VoteGranted:false CandidateId:0}
17:20:40.477283 AT NODE 0: received RequestVoteReply from 4: {Term:1 VoteGranted:false CandidateId:0}
17:20:40.477432 AT NODE 0: Vote not granted by 0
17:20:40.481817 AT NODE 1: Received Vote Request from NODE 2; Args: {Term:1 CandidateId:2 LastLogIndex:-1 LastLogTerm:-1 Latency:320} [currentTerm=1, votedFor=3, log index/term=(-1, -1)]
17:20:40.481871 AT NODE 1: Sending Request Vote Reply: &{Term:1 VoteGranted:false CandidateId:0}
17:20:40.482511 AT NODE 2: received RequestVoteReply from 1: {Term:1 VoteGranted:false CandidateId:0}
17:20:40.482548 AT NODE 2: Vote not granted by 0
17:20:40.518360 AT NODE 0: became Follower with term=1; log=[]
17:20:40.519433 AT NODE 0: Election timer started: 5.926s, with term=1
17:20:40.532211 AT NODE 3: Received Vote Request from NODE 2; Args: {Term:1 CandidateId:2 LastLogIndex:-1 LastLogTerm:-1 Latency:370} [currentTerm=1, votedFor=3, log index/term=(-1, -1)]
17:20:40.532303 AT NODE 3: Sending Request Vote Reply: &{Term:1 VoteGranted:false CandidateId:0}
17:20:40.533479 AT NODE 2: received RequestVoteReply from 3: {Term:1 VoteGranted:false CandidateId:0}
17:20:40.533519 AT NODE 2: Vote not granted by 0
17:20:40.662768 AT NODE 3: ReceiveClientCommand received by Leader: Set X = 5
17:20:40.662986 AT NODE 3: Log=[{Set X = 5 1}]
17:20:40.663034 AT NODE 3: ReceiveClientCommand received by Leader: Set X = 1000
17:20:40.663126 AT NODE 3: Log=[{Set X = 5 1} {Set X = 1000 1}]
17:20:40.784334 AT NODE 2: became Follower with term=1; log=[]
17:20:40.786029 AT NODE 2: Election timer started: 3.597s, with term=1
17:20:41.326110 AT NODE 3: sending AppendEntries to 4: currentPeer_nextIndex=0, args={Term:1 LeaderId:3 PrevLogIndex:-1 PrevLogTerm:-1 Entries:[{Command:Set X = 5 Term:1} {Command:Set X = 1000 Term:1}] LeaderCommit:-1 Latency:188}
17:20:41.326395 AT NODE 3: sending AppendEntries to 1: currentPeer_nextIndex=0, args={Term:1 LeaderId:3 PrevLogIndex:-1 PrevLogTerm:-1 Entries:[{Command:Set X = 5 Term:1} {Command:Set X = 1000 Term:1}] LeaderCommit:-1 Latency:78}
17:20:41.326941 AT NODE 3: sending AppendEntries to 2: currentPeer_nextIndex=0, args={Term:1 LeaderId:3 PrevLogIndex:-1 PrevLogTerm:-1 Entries:[{Command:Set X = 5 Term:1} {Command:Set X = 1000 Term:1}] LeaderCommit:-1 Latency:94}
17:20:41.327148 AT NODE 3: sending AppendEntries to 0: currentPeer_nextIndex=0, args={Term:1 LeaderId:3 PrevLogIndex:-1 PrevLogTerm:-1 Entries:[{Command:Set X = 5 Term:1} {Command:Set X = 1000 Term:1}] LeaderCommit:-1 Latency:70}
17:20:41.425266 AT NODE 0: Received AppendEntries from NODE 3; args: {Term:1 LeaderId:3 PrevLogIndex:-1 PrevLogTerm:-1 Entries:[{Command:Set X = 5 Term:1} {Command:Set X = 1000 Term:1}] LeaderCommit:-1 Latency:70}
17:20:41.425406 AT NODE 0: Log is now: [{Set X = 5 1} {Set X = 1000 1}]
17:20:41.425964 AT NODE 0: Sending AppendEntries reply: {Term:1 Success:true}
17:20:41.426951 AT NODE 3: AppendEntries reply from NODE 0 success: nextIndex := map[0:2 1:0 2:0 4:0], matchIndex := map[0:1 1:-1 2:-1 4:-1]
17:20:41.427423 AT NODE 1: Received AppendEntries from NODE 3; args: {Term:1 LeaderId:3 PrevLogIndex:-1 PrevLogTerm:-1 Entries:[{Command:Set X = 5 Term:1} {Command:Set X = 1000 Term:1}] LeaderCommit:-1 Latency:78}
17:20:41.427524 AT NODE 1: Log is now: [{Set X = 5 1} {Set X = 1000 1}]
17:20:41.427572 AT NODE 1: Sending AppendEntries reply: {Term:1 Success:true}
17:20:41.428908 AT NODE 3: AppendEntries reply from NODE 1 success: nextIndex := map[0:2 1:2 2:0 4:0], matchIndex := map[0:1 1:1 2:-1 4:-1]
17:20:41.428984 AT NODE 3: leader sets commitIndex := 1
17:20:41.442197 AT NODE 2: Received AppendEntries from NODE 3; args: {Term:1 LeaderId:3 PrevLogIndex:-1 PrevLogTerm:-1 Entries:[{Command:Set X = 5 Term:1} {Command:Set X = 1000 Term:1}] LeaderCommit:-1 Latency:94}
17:20:41.442324 AT NODE 2: Log is now: [{Set X = 5 1} {Set X = 1000 1}]
17:20:41.442394 AT NODE 2: Sending AppendEntries reply: {Term:1 Success:true}
17:20:41.443762 AT NODE 3: AppendEntries reply from NODE 2 success: nextIndex := map[0:2 1:2 2:2 4:0], matchIndex := map[0:1 1:1 2:1 4:-1]
17:20:41.537783 AT NODE 4: Received AppendEntries from NODE 3; args: {Term:1 LeaderId:3 PrevLogIndex:-1 PrevLogTerm:-1 Entries:[{Command:Set X = 5 Term:1} {Command:Set X = 1000 Term:1}] LeaderCommit:-1 Latency:188}
17:20:41.537855 AT NODE 4: Log is now: [{Set X = 5 1} {Set X = 1000 1}]
17:20:41.537877 AT NODE 4: Sending AppendEntries reply: {Term:1 Success:true}
17:20:41.538449 AT NODE 3: AppendEntries reply from NODE 4 success: nextIndex := map[0:2 1:2 2:2 4:2], matchIndex := map[0:1 1:1 2:1 4:1]
17:20:43.707394 [ACTION] Disconnecting 3
17:20:47.187061 AT NODE 2: became Candidate with term=2;
17:20:47.188891 AT NODE 2: sending RequestVote to 4: {Term:2 CandidateId:2 LastLogIndex:1 LastLogTerm:1 Latency:262}
17:20:47.189175 AT NODE 2: sending RequestVote to 3: {Term:2 CandidateId:2 LastLogIndex:1 LastLogTerm:1 Latency:179}
17:20:47.189686 AT NODE 2: sending RequestVote to 1: {Term:2 CandidateId:2 LastLogIndex:1 LastLogTerm:1 Latency:402}
17:20:47.188889 AT NODE 2: Election timer started: 5.519s, with term=2
17:20:47.189269 AT NODE 2: sending RequestVote to 0: {Term:2 CandidateId:2 LastLogIndex:1 LastLogTerm:1 Latency:38}
17:20:47.255116 AT NODE 0: Received Vote Request from NODE 2; Args: {Term:2 CandidateId:2 LastLogIndex:1 LastLogTerm:1 Latency:38} [currentTerm=1, votedFor=-1, log index/term=(1, 1)]
17:20:47.255270 AT NODE 0: became Follower with term=2; log=[{Set X = 5 1} {Set X = 1000 1}]
17:20:47.255454 AT NODE 0: Sending Request Vote Reply: &{Term:2 VoteGranted:true CandidateId:0}
17:20:47.256095 AT NODE 0: Election timer started: 4.019s, with term=2
17:20:47.257124 AT NODE 2: received RequestVoteReply from 0: {Term:2 VoteGranted:true CandidateId:0}
17:20:47.476128 AT NODE 4: Received Vote Request from NODE 2; Args: {Term:2 CandidateId:2 LastLogIndex:1 LastLogTerm:1 Latency:262} [currentTerm=1, votedFor=3, log index/term=(1, 1)]
17:20:47.477040 AT NODE 4: became Follower with term=2; log=[{Set X = 5 1} {Set X = 1000 1}]
17:20:47.477430 AT NODE 4: Sending Request Vote Reply: &{Term:2 VoteGranted:true CandidateId:0}
17:20:47.478355 AT NODE 2: received RequestVoteReply from 4: {Term:2 VoteGranted:true CandidateId:0}
17:20:47.478794 AT NODE 4: Election timer started: 5.018s, with term=2
17:20:47.479233 AT NODE 2: became Leader; term=2, nextIndex=map[0:2 1:2 3:2 4:2], matchIndex=map[0:-1 1:-1 3:-1 4:-1]; log=[{Set X = 5 1} {Set X = 1000 1}]
17:20:47.488179 AT NODE 2: ReceiveClientCommand received by Leader: Set X = X+10
17:20:47.488334 AT NODE 2: Log=[{Set X = 5 1} {Set X = 1000 1} {Set X = X+10 2}]
17:20:47.488372 AT NODE 2: ReceiveClientCommand received by Leader: Set X = X+1
17:20:47.488810 AT NODE 2: Log=[{Set X = 5 1} {Set X = 1000 1} {Set X = X+10 2} {Set X = X+1 2}]
17:20:47.488880 AT NODE 2: ReceiveClientCommand received by Leader: Set Y = 5
17:20:47.488968 AT NODE 2: Log=[{Set X = 5 1} {Set X = 1000 1} {Set X = X+10 2} {Set X = X+1 2} {Set Y = 5 2}]
17:20:47.489015 AT NODE 2: ReceiveClientCommand received by Leader: Set Y = X+Y
17:20:47.489090 AT NODE 2: Log=[{Set X = 5 1} {Set X = 1000 1} {Set X = X+10 2} {Set X = X+1 2} {Set Y = 5 2} {Set Y = X+Y 2}]
17:20:47.489136 AT NODE 2: ReceiveClientCommand received by Leader: Set Y = Y+3
17:20:47.489220 AT NODE 2: Log=[{Set X = 5 1} {Set X = 1000 1} {Set X = X+10 2} {Set X = X+1 2} {Set Y = 5 2} {Set Y = X+Y 2} {Set Y = Y+3 2}]
17:20:47.489270 AT NODE 2: ReceiveClientCommand received by Leader: Set Z = -1
17:20:47.489363 AT NODE 2: Log=[{Set X = 5 1} {Set X = 1000 1} {Set X = X+10 2} {Set X = X+1 2} {Set Y = 5 2} {Set Y = X+Y 2} {Set Y = Y+3 2} {Set Z = -1 2}]
17:20:47.571155 AT NODE 1: became Follower with term=2; log=[{Set X = 5 1} {Set X = 1000 1}]
17:20:47.578551 AT NODE 1: Election timer started: 3.371s, with term=2
17:20:47.613870 AT NODE 1: Received Vote Request from NODE 2; Args: {Term:2 CandidateId:2 LastLogIndex:1 LastLogTerm:1 Latency:402} [currentTerm=2, votedFor=-1, log index/term=(1, 1)]
17:20:47.613959 AT NODE 1: Sending Request Vote Reply: &{Term:2 VoteGranted:true CandidateId:0}
17:20:47.614955 AT NODE 2: received RequestVoteReply from 1: {Term:2 VoteGranted:true CandidateId:0}
17:20:47.615012 AT NODE 2: State changed from Candidate to Leader
17:20:48.482178 AT NODE 2: sending AppendEntries to 1: currentPeer_nextIndex=2, args={Term:2 LeaderId:2 PrevLogIndex:1 PrevLogTerm:1 Entries:[{Command:Set X = X+10 Term:2} {Command:Set X = X+1 Term:2} {Command:Set Y = 5 Term:2} {Command:Set Y = X+Y Term:2} {Command:Set Y = Y+3 Term:2} {Command:Set Z = -1 Term:2}] LeaderCommit:1 Latency:361}
17:20:48.501351 AT NODE 2: sending AppendEntries to 3: currentPeer_nextIndex=2, args={Term:2 LeaderId:2 PrevLogIndex:1 PrevLogTerm:1 Entries:[{Command:Set X = X+10 Term:2} {Command:Set X = X+1 Term:2} {Command:Set Y = 5 Term:2} {Command:Set Y = X+Y Term:2} {Command:Set Y = Y+3 Term:2} {Command:Set Z = -1 Term:2}] LeaderCommit:1 Latency:478}
17:20:48.520778 AT NODE 2: sending AppendEntries to 0: currentPeer_nextIndex=2, args={Term:2 LeaderId:2 PrevLogIndex:1 PrevLogTerm:1 Entries:[{Command:Set X = X+10 Term:2} {Command:Set X = X+1 Term:2} {Command:Set Y = 5 Term:2} {Command:Set Y = X+Y Term:2} {Command:Set Y = Y+3 Term:2} {Command:Set Z = -1 Term:2}] LeaderCommit:1 Latency:372}
17:20:48.520784 AT NODE 2: sending AppendEntries to 4: currentPeer_nextIndex=2, args={Term:2 LeaderId:2 PrevLogIndex:1 PrevLogTerm:1 Entries:[{Command:Set X = X+10 Term:2} {Command:Set X = X+1 Term:2} {Command:Set Y = 5 Term:2} {Command:Set Y = X+Y Term:2} {Command:Set Y = Y+3 Term:2} {Command:Set Z = -1 Term:2}] LeaderCommit:1 Latency:426}
17:20:48.882639 AT NODE 1: Received AppendEntries from NODE 2; args: {Term:2 LeaderId:2 PrevLogIndex:1 PrevLogTerm:1 Entries:[{Command:Set X = X+10 Term:2} {Command:Set X = X+1 Term:2} {Command:Set Y = 5 Term:2} {Command:Set Y = X+Y Term:2} {Command:Set Y = Y+3 Term:2} {Command:Set Z = -1 Term:2}] LeaderCommit:1 Latency:361}
17:20:48.885094 AT NODE 1: Log is now: [{Set X = 5 1} {Set X = 1000 1} {Set X = X+10 2} {Set X = X+1 2} {Set Y = 5 2} {Set Y = X+Y 2} {Set Y = Y+3 2} {Set Z = -1 2}]
17:20:48.885223 AT NODE 1: Sending AppendEntries reply: {Term:2 Success:true}
17:20:48.887245 AT NODE 2: AppendEntries reply from NODE 1 success: nextIndex := map[0:2 1:8 3:2 4:2], matchIndex := map[0:1 1:7 3:-1 4:1]
17:20:48.919858 AT NODE 0: Received AppendEntries from NODE 2; args: {Term:2 LeaderId:2 PrevLogIndex:1 PrevLogTerm:1 Entries:[{Command:Set X = X+10 Term:2} {Command:Set X = X+1 Term:2} {Command:Set Y = 5 Term:2} {Command:Set Y = X+Y Term:2} {Command:Set Y = Y+3 Term:2} {Command:Set Z = -1 Term:2}] LeaderCommit:1 Latency:372}
17:20:48.920234 AT NODE 0: Log is now: [{Set X = 5 1} {Set X = 1000 1} {Set X = X+10 2} {Set X = X+1 2} {Set Y = 5 2} {Set Y = X+Y 2} {Set Y = Y+3 2} {Set Z = -1 2}]
17:20:48.920305 AT NODE 0: Sending AppendEntries reply: {Term:2 Success:true}
17:20:48.922103 AT NODE 2: AppendEntries reply from NODE 0 success: nextIndex := map[0:8 1:8 3:2 4:2], matchIndex := map[0:7 1:7 3:-1 4:1]
17:20:48.922438 AT NODE 2: leader sets commitIndex := 7
17:20:48.983969 AT NODE 4: Received AppendEntries from NODE 2; args: {Term:2 LeaderId:2 PrevLogIndex:1 PrevLogTerm:1 Entries:[{Command:Set X = X+10 Term:2} {Command:Set X = X+1 Term:2} {Command:Set Y = 5 Term:2} {Command:Set Y = X+Y Term:2} {Command:Set Y = Y+3 Term:2} {Command:Set Z = -1 Term:2}] LeaderCommit:1 Latency:426}
17:20:48.986446 AT NODE 4: Log is now: [{Set X = 5 1} {Set X = 1000 1} {Set X = X+10 2} {Set X = X+1 2} {Set Y = 5 2} {Set Y = X+Y 2} {Set Y = Y+3 2} {Set Z = -1 2}]
17:20:48.986490 AT NODE 4: Sending AppendEntries reply: {Term:2 Success:true}
17:20:48.990191 AT NODE 2: AppendEntries reply from NODE 4 success: nextIndex := map[0:8 1:8 3:2 4:8], matchIndex := map[0:7 1:7 3:-1 4:7]
17:20:49.481695 AT NODE 2: sending AppendEntries to 3: currentPeer_nextIndex=2, args={Term:2 LeaderId:2 PrevLogIndex:1 PrevLogTerm:1 Entries:[{Command:Set X = X+10 Term:2} {Command:Set X = X+1 Term:2} {Command:Set Y = 5 Term:2} {Command:Set Y = X+Y Term:2} {Command:Set Y = Y+3 Term:2} {Command:Set Z = -1 Term:2}] LeaderCommit:7 Latency:45}
17:20:50.503837 AT NODE 2: ReceiveClientCommand received by Leader: Set Z = 3
17:20:50.505209 AT NODE 2: Log=[{Set X = 5 1} {Set X = 1000 1} {Set X = X+10 2} {Set X = X+1 2} {Set Y = 5 2} {Set Y = X+Y 2} {Set Y = Y+3 2} {Set Z = -1 2} {Set Z = 3 2}]
17:20:50.506130 AT NODE 2: sending AppendEntries to 4: currentPeer_nextIndex=8, args={Term:2 LeaderId:2 PrevLogIndex:7 PrevLogTerm:2 Entries:[{Command:Set Z = 3 Term:2}] LeaderCommit:7 Latency:335}
17:20:50.506424 AT NODE 2: sending AppendEntries to 0: currentPeer_nextIndex=8, args={Term:2 LeaderId:2 PrevLogIndex:7 PrevLogTerm:2 Entries:[{Command:Set Z = 3 Term:2}] LeaderCommit:7 Latency:233}
17:20:50.506311 AT NODE 2: sending AppendEntries to 1: currentPeer_nextIndex=8, args={Term:2 LeaderId:2 PrevLogIndex:7 PrevLogTerm:2 Entries:[{Command:Set Z = 3 Term:2}] LeaderCommit:7 Latency:335}
17:20:50.507385 AT NODE 2: sending AppendEntries to 3: currentPeer_nextIndex=2, args={Term:2 LeaderId:2 PrevLogIndex:1 PrevLogTerm:1 Entries:[{Command:Set X = X+10 Term:2} {Command:Set X = X+1 Term:2} {Command:Set Y = 5 Term:2} {Command:Set Y = X+Y Term:2} {Command:Set Y = Y+3 Term:2} {Command:Set Z = -1 Term:2} {Command:Set Z = 3 Term:2}] LeaderCommit:7 Latency:73}
17:20:50.807082 AT NODE 0: Received AppendEntries from NODE 2; args: {Term:2 LeaderId:2 PrevLogIndex:7 PrevLogTerm:2 Entries:[{Command:Set Z = 3 Term:2}] LeaderCommit:7 Latency:233}
17:20:50.807783 AT NODE 0: Log is now: [{Set X = 5 1} {Set X = 1000 1} {Set X = X+10 2} {Set X = X+1 2} {Set Y = 5 2} {Set Y = X+Y 2} {Set Y = Y+3 2} {Set Z = -1 2} {Set Z = 3 2}]
17:20:50.807872 AT NODE 0: Sending AppendEntries reply: {Term:2 Success:true}
17:20:50.813006 AT NODE 2: AppendEntries reply from NODE 0 success: nextIndex := map[0:9 1:8 3:2 4:8], matchIndex := map[0:8 1:7 3:-1 4:7]
17:20:50.899901 AT NODE 1: Received AppendEntries from NODE 2; args: {Term:2 LeaderId:2 PrevLogIndex:7 PrevLogTerm:2 Entries:[{Command:Set Z = 3 Term:2}] LeaderCommit:7 Latency:335}
17:20:50.900006 AT NODE 1: Log is now: [{Set X = 5 1} {Set X = 1000 1} {Set X = X+10 2} {Set X = X+1 2} {Set Y = 5 2} {Set Y = X+Y 2} {Set Y = Y+3 2} {Set Z = -1 2} {Set Z = 3 2}]
17:20:50.900029 AT NODE 1: Sending AppendEntries reply: {Term:2 Success:true}
17:20:50.902368 AT NODE 4: Received AppendEntries from NODE 2; args: {Term:2 LeaderId:2 PrevLogIndex:7 PrevLogTerm:2 Entries:[{Command:Set Z = 3 Term:2}] LeaderCommit:7 Latency:335}
17:20:50.907083 AT NODE 4: Log is now: [{Set X = 5 1} {Set X = 1000 1} {Set X = X+10 2} {Set X = X+1 2} {Set Y = 5 2} {Set Y = X+Y 2} {Set Y = Y+3 2} {Set Z = -1 2} {Set Z = 3 2}]
17:20:50.907128 AT NODE 4: Sending AppendEntries reply: {Term:2 Success:true}
17:20:50.907297 AT NODE 2: AppendEntries reply from NODE 1 success: nextIndex := map[0:9 1:9 3:2 4:8], matchIndex := map[0:8 1:8 3:-1 4:7]
17:20:50.907346 AT NODE 2: leader sets commitIndex := 8
17:20:50.912900 AT NODE 2: AppendEntries reply from NODE 4 success: nextIndex := map[0:9 1:9 3:2 4:9], matchIndex := map[0:8 1:8 3:-1 4:8]
17:20:51.481428 AT NODE 2: sending AppendEntries to 3: currentPeer_nextIndex=2, args={Term:2 LeaderId:2 PrevLogIndex:1 PrevLogTerm:1 Entries:[{Command:Set X = X+10 Term:2} {Command:Set X = X+1 Term:2} {Command:Set Y = 5 Term:2} {Command:Set Y = X+Y Term:2} {Command:Set Y = Y+3 Term:2} {Command:Set Z = -1 Term:2} {Command:Set Z = 3 Term:2}] LeaderCommit:8 Latency:448}
17:20:52.481355 AT NODE 2: sending AppendEntries to 3: currentPeer_nextIndex=2, args={Term:2 LeaderId:2 PrevLogIndex:1 PrevLogTerm:1 Entries:[{Command:Set X = X+10 Term:2} {Command:Set X = X+1 Term:2} {Command:Set Y = 5 Term:2} {Command:Set Y = X+Y Term:2} {Command:Set Y = Y+3 Term:2} {Command:Set Z = -1 Term:2} {Command:Set Z = 3 Term:2}] LeaderCommit:8 Latency:402}
17:20:53.481916 AT NODE 2: sending AppendEntries to 3: currentPeer_nextIndex=2, args={Term:2 LeaderId:2 PrevLogIndex:1 PrevLogTerm:1 Entries:[{Command:Set X = X+10 Term:2} {Command:Set X = X+1 Term:2} {Command:Set Y = 5 Term:2} {Command:Set Y = X+Y Term:2} {Command:Set Y = Y+3 Term:2} {Command:Set Z = -1 Term:2} {Command:Set Z = 3 Term:2}] LeaderCommit:8 Latency:241}
17:20:53.530204 [ACTION] Reconnecting 3
17:20:54.325971 AT NODE 3: sending AppendEntries to 2: currentPeer_nextIndex=2, args={Term:1 LeaderId:3 PrevLogIndex:1 PrevLogTerm:1 Entries:[{Command:Set X = X-5 Term:1}] LeaderCommit:1 Latency:77}
17:20:54.325941 AT NODE 3: sending AppendEntries to 0: currentPeer_nextIndex=2, args={Term:1 LeaderId:3 PrevLogIndex:1 PrevLogTerm:1 Entries:[{Command:Set X = X-5 Term:1}] LeaderCommit:1 Latency:312}
17:20:54.325998 AT NODE 3: sending AppendEntries to 1: currentPeer_nextIndex=2, args={Term:1 LeaderId:3 PrevLogIndex:1 PrevLogTerm:1 Entries:[{Command:Set X = X-5 Term:1}] LeaderCommit:1 Latency:156}
17:20:54.326048 AT NODE 3: sending AppendEntries to 4: currentPeer_nextIndex=2, args={Term:1 LeaderId:3 PrevLogIndex:1 PrevLogTerm:1 Entries:[{Command:Set X = X-5 Term:1}] LeaderCommit:1 Latency:125}
17:20:54.426653 AT NODE 2: Received AppendEntries from NODE 3; args: {Term:1 LeaderId:3 PrevLogIndex:1 PrevLogTerm:1 Entries:[{Command:Set X = X-5 Term:1}] LeaderCommit:1 Latency:77}
17:20:54.426741 AT NODE 2: Sending AppendEntries reply: {Term:2 Success:false}
17:20:54.428108 AT NODE 3: became Follower with term=2; log=[{Set X = 5 1} {Set X = 1000 1} {Set X = X-5 1}]
17:20:54.428239 AT NODE 3: Election timer started: 3.346s, with term=2
17:20:54.500479 AT NODE 4: Received AppendEntries from NODE 3; args: {Term:1 LeaderId:3 PrevLogIndex:1 PrevLogTerm:1 Entries:[{Command:Set X = X-5 Term:1}] LeaderCommit:1 Latency:125}
17:20:54.502138 AT NODE 4: Sending AppendEntries reply: {Term:2 Success:false}
17:20:54.500833 AT NODE 2: sending AppendEntries to 3: currentPeer_nextIndex=2, args={Term:2 LeaderId:2 PrevLogIndex:1 PrevLogTerm:1 Entries:[{Command:Set X = X+10 Term:2} {Command:Set X = X+1 Term:2} {Command:Set Y = 5 Term:2} {Command:Set Y = X+Y Term:2} {Command:Set Y = Y+3 Term:2} {Command:Set Z = -1 Term:2} {Command:Set Z = 3 Term:2}] LeaderCommit:8 Latency:329}
17:20:54.509926 AT NODE 1: Received AppendEntries from NODE 3; args: {Term:1 LeaderId:3 PrevLogIndex:1 PrevLogTerm:1 Entries:[{Command:Set X = X-5 Term:1}] LeaderCommit:1 Latency:156}
17:20:54.509972 AT NODE 1: Sending AppendEntries reply: {Term:2 Success:false}
17:20:54.662578 AT NODE 0: Received AppendEntries from NODE 3; args: {Term:1 LeaderId:3 PrevLogIndex:1 PrevLogTerm:1 Entries:[{Command:Set X = X-5 Term:1}] LeaderCommit:1 Latency:312}
17:20:54.662746 AT NODE 0: Sending AppendEntries reply: {Term:2 Success:false}
17:20:54.871665 AT NODE 3: Received AppendEntries from NODE 2; args: {Term:2 LeaderId:2 PrevLogIndex:1 PrevLogTerm:1 Entries:[{Command:Set X = X+10 Term:2} {Command:Set X = X+1 Term:2} {Command:Set Y = 5 Term:2} {Command:Set Y = X+Y Term:2} {Command:Set Y = Y+3 Term:2} {Command:Set Z = -1 Term:2} {Command:Set Z = 3 Term:2}] LeaderCommit:8 Latency:329}
17:20:54.872044 AT NODE 3: Log is now: [{Set X = 5 1} {Set X = 1000 1} {Set X = X+10 2} {Set X = X+1 2} {Set Y = 5 2} {Set Y = X+Y 2} {Set Y = Y+3 2} {Set Z = -1 2} {Set Z = 3 2}]
17:20:54.872920 AT NODE 3: Sending AppendEntries reply: {Term:2 Success:true}
17:20:54.875070 AT NODE 2: AppendEntries reply from NODE 3 success: nextIndex := map[0:9 1:9 3:9 4:9], matchIndex := map[0:8 1:8 3:8 4:8]
17:21:08.570432 AT NODE 0: KILLED
17:21:08.570584 AT NODE 0: applyCommitedLogEntries done
17:21:08.908184 AT NODE 1: KILLED
17:21:08.908717 AT NODE 1: applyCommitedLogEntries done
17:21:08.908923 AT NODE 2: KILLED
17:21:08.909001 AT NODE 2: applyCommitedLogEntries done
17:21:08.909235 AT NODE 3: KILLED
17:21:08.909887 AT NODE 3: applyCommitedLogEntries done
17:21:08.910115 AT NODE 4: KILLED
17:21:08.910185 AT NODE 4: applyCommitedLogEntries done
--- PASS: Test2 (32.83s)
PASS
ok  	RaftLogReplication	32.863s
